.\..\build\login\Debug\Login.bsc
C:\Users\randy.girard\Desktop\eqclassic\LS\build\login\debug\BscMake.command.1.tlog
C:\Users\randy.girard\Desktop\eqclassic\LS\build\login\debug\bscmake.read.1.tlog
C:\Users\randy.girard\Desktop\eqclassic\LS\build\login\debug\bscmake.write.1.tlog
C:\Users\randy.girard\Desktop\eqclassic\LS\build\login\debug\cl.command.1.tlog
C:\Users\randy.girard\Desktop\eqclassic\LS\build\login\debug\CL.read.1.tlog
C:\Users\randy.girard\Desktop\eqclassic\LS\build\login\debug\CL.write.1.tlog
C:\USERS\RANDY.GIRARD\DESKTOP\EQCLASSIC\LS\BUILD\LOGIN\DEBUG\CLIENT.OBJ
C:\USERS\RANDY.GIRARD\DESKTOP\EQCLASSIC\LS\BUILD\LOGIN\DEBUG\CLIENT.SBR
C:\USERS\RANDY.GIRARD\DESKTOP\EQCLASSIC\LS\BUILD\LOGIN\DEBUG\CRC32.OBJ
C:\USERS\RANDY.GIRARD\DESKTOP\EQCLASSIC\LS\BUILD\LOGIN\DEBUG\CRC32.SBR
C:\USERS\RANDY.GIRARD\DESKTOP\EQCLASSIC\LS\BUILD\LOGIN\DEBUG\DATABASE.OBJ
C:\USERS\RANDY.GIRARD\DESKTOP\EQCLASSIC\LS\BUILD\LOGIN\DEBUG\DATABASE.SBR
C:\USERS\RANDY.GIRARD\DESKTOP\EQCLASSIC\LS\BUILD\LOGIN\DEBUG\DBCORE.OBJ
C:\USERS\RANDY.GIRARD\DESKTOP\EQCLASSIC\LS\BUILD\LOGIN\DEBUG\DBCORE.SBR
C:\USERS\RANDY.GIRARD\DESKTOP\EQCLASSIC\LS\BUILD\LOGIN\DEBUG\DBMEMLEAK.OBJ
C:\USERS\RANDY.GIRARD\DESKTOP\EQCLASSIC\LS\BUILD\LOGIN\DEBUG\DBMEMLEAK.SBR
C:\USERS\RANDY.GIRARD\DESKTOP\EQCLASSIC\LS\BUILD\LOGIN\DEBUG\DEBUG.OBJ
C:\USERS\RANDY.GIRARD\DESKTOP\EQCLASSIC\LS\BUILD\LOGIN\DEBUG\DEBUG.SBR
C:\USERS\RANDY.GIRARD\DESKTOP\EQCLASSIC\LS\BUILD\LOGIN\DEBUG\EQCRYPTO.OBJ
C:\USERS\RANDY.GIRARD\DESKTOP\EQCLASSIC\LS\BUILD\LOGIN\DEBUG\EQCRYPTO.SBR
C:\USERS\RANDY.GIRARD\DESKTOP\EQCLASSIC\LS\BUILD\LOGIN\DEBUG\EQNETWORK.OBJ
C:\USERS\RANDY.GIRARD\DESKTOP\EQCLASSIC\LS\BUILD\LOGIN\DEBUG\EQNETWORK.SBR
C:\Users\randy.girard\Desktop\eqclassic\LS\build\login\debug\link.command.1.tlog
C:\Users\randy.girard\Desktop\eqclassic\LS\build\login\debug\link.read.1.tlog
C:\Users\randy.girard\Desktop\eqclassic\LS\build\login\debug\link.write.1.tlog
C:\USERS\RANDY.GIRARD\DESKTOP\EQCLASSIC\LS\BUILD\LOGIN\DEBUG\LOGIN.BSC
C:\USERS\RANDY.GIRARD\DESKTOP\EQCLASSIC\LS\BUILD\LOGIN\DEBUG\LOGIN.EXE
C:\USERS\RANDY.GIRARD\DESKTOP\EQCLASSIC\LS\BUILD\LOGIN\DEBUG\LOGIN.EXE.INTERMEDIATE.MANIFEST
C:\USERS\RANDY.GIRARD\DESKTOP\EQCLASSIC\LS\BUILD\LOGIN\DEBUG\LOGINDATABASE.OBJ
C:\USERS\RANDY.GIRARD\DESKTOP\EQCLASSIC\LS\BUILD\LOGIN\DEBUG\LOGINDATABASE.SBR
C:\USERS\RANDY.GIRARD\DESKTOP\EQCLASSIC\LS\BUILD\LOGIN\DEBUG\LOGINDEBUG.PDB
C:\USERS\RANDY.GIRARD\DESKTOP\EQCLASSIC\LS\BUILD\LOGIN\DEBUG\LWORLD.OBJ
C:\USERS\RANDY.GIRARD\DESKTOP\EQCLASSIC\LS\BUILD\LOGIN\DEBUG\LWORLD.SBR
C:\USERS\RANDY.GIRARD\DESKTOP\EQCLASSIC\LS\BUILD\LOGIN\DEBUG\MD5.OBJ
C:\USERS\RANDY.GIRARD\DESKTOP\EQCLASSIC\LS\BUILD\LOGIN\DEBUG\MD5.SBR
C:\USERS\RANDY.GIRARD\DESKTOP\EQCLASSIC\LS\BUILD\LOGIN\DEBUG\MISCFUNCTIONS.OBJ
C:\USERS\RANDY.GIRARD\DESKTOP\EQCLASSIC\LS\BUILD\LOGIN\DEBUG\MISCFUNCTIONS.SBR
C:\Users\randy.girard\Desktop\eqclassic\LS\build\login\debug\mt.command.1.tlog
C:\Users\randy.girard\Desktop\eqclassic\LS\build\login\debug\mt.read.1.tlog
C:\Users\randy.girard\Desktop\eqclassic\LS\build\login\debug\mt.write.1.tlog
C:\USERS\RANDY.GIRARD\DESKTOP\EQCLASSIC\LS\BUILD\LOGIN\DEBUG\MUTEX.OBJ
C:\USERS\RANDY.GIRARD\DESKTOP\EQCLASSIC\LS\BUILD\LOGIN\DEBUG\MUTEX.SBR
C:\USERS\RANDY.GIRARD\DESKTOP\EQCLASSIC\LS\BUILD\LOGIN\DEBUG\NET.OBJ
C:\USERS\RANDY.GIRARD\DESKTOP\EQCLASSIC\LS\BUILD\LOGIN\DEBUG\NET.SBR
C:\USERS\RANDY.GIRARD\DESKTOP\EQCLASSIC\LS\BUILD\LOGIN\DEBUG\PACKET_DUMP.OBJ
C:\USERS\RANDY.GIRARD\DESKTOP\EQCLASSIC\LS\BUILD\LOGIN\DEBUG\PACKET_DUMP.SBR
C:\USERS\RANDY.GIRARD\DESKTOP\EQCLASSIC\LS\BUILD\LOGIN\DEBUG\PACKET_FUNCTIONS.OBJ
C:\USERS\RANDY.GIRARD\DESKTOP\EQCLASSIC\LS\BUILD\LOGIN\DEBUG\PACKET_FUNCTIONS.SBR
C:\USERS\RANDY.GIRARD\DESKTOP\EQCLASSIC\LS\BUILD\LOGIN\DEBUG\TCPCONNECTION.OBJ
C:\USERS\RANDY.GIRARD\DESKTOP\EQCLASSIC\LS\BUILD\LOGIN\DEBUG\TCPCONNECTION.SBR
C:\USERS\RANDY.GIRARD\DESKTOP\EQCLASSIC\LS\BUILD\LOGIN\DEBUG\TIMER.OBJ
C:\USERS\RANDY.GIRARD\DESKTOP\EQCLASSIC\LS\BUILD\LOGIN\DEBUG\TIMER.SBR
C:\Users\randy.girard\Desktop\eqclassic\LS\build\login\debug\vc100.idb
C:\USERS\RANDY.GIRARD\DESKTOP\EQCLASSIC\LS\BUILD\LOGIN\DEBUG\VC100.PDB
C:\Users\randy.girard\Desktop\eqclassic\LS\Login\.\..\build\login\Debug\Login.exe
C:\Users\randy.girard\Desktop\eqclassic\LS\Login\.\..\build\login\Debug\Login.exe.intermediate.manifest
