Build started 1/23/2014 6:03:32 PM.
     1>Project "C:\Users\randy.girard\Desktop\eqclassic\LS\Login\Login.vcxproj" on node 2 (build target(s)).
     1>InitializeBuildStatus:
         Touching ".\..\build\login\debug\Login.unsuccessfulbuild".
       ClCompile:
         All outputs are up-to-date.
       Link:
         c:\Program Files (x86)\Microsoft Visual Studio 10.0\VC\bin\link.exe /ERRORREPORT:PROMPT /OUT:"../build/login/Debug/Login.exe" /INCREMENTAL:NO /NOLOGO /LIBPATH:"C:\Program Files (x86)\MySQL\MySQL Server 5.1\lib" /LIBPATH:"C:\Program Files (x86)\MySQL\MySQL Server 5.1\lib\debug" /LIBPATH:..\..\Dependencies\zlib\lib /LIBPATH:..\..\Dependencies\openssl\lib odbc32.lib odbccp32.lib wsock32.lib mysqlclient.lib zlib.lib libeay32.lib ssleay32.lib kernel32.lib user32.lib gdi32.lib winspool.lib comdlg32.lib advapi32.lib shell32.lib ole32.lib oleaut32.lib uuid.lib odbc32.lib odbccp32.lib /NODEFAULTLIB:LIBCMT /MANIFEST /ManifestFile:".\..\build\login\debug\Login.exe.intermediate.manifest" /MANIFESTUAC:"level='asInvoker' uiAccess='false'" /DEBUG /PDB:".\../build/login/Debug/LoginDebug.pdb" /SUBSYSTEM:CONSOLE /TLBID:1 /DYNAMICBASE:NO /IMPLIB:".\..\build\login\Debug\Login.lib" /MACHINE:X86 .\../build/login/debug/client.obj
         .\../build/login/debug/EQCrypto.obj
         .\../build/login/debug/logindatabase.obj
         .\../build/login/debug/LWorld.obj
         .\../build/login/debug/net.obj
         .\../build/login/debug/crc32.obj
         .\../build/login/debug/database.obj
         .\../build/login/debug/dbcore.obj
         .\../build/login/debug/DBMemLeak.obj
         .\../build/login/debug/debug.obj
         .\../build/login/debug/EQNetwork.obj
         .\../build/login/debug/md5.obj
         .\../build/login/debug/MiscFunctions.obj
         .\../build/login/debug/Mutex.obj
         .\../build/login/debug/packet_dump.obj
         .\../build/login/debug/packet_functions.obj
         .\../build/login/debug/TCPConnection.obj
         .\../build/login/debug/timer.obj
     1>client.obj : warning LNK4075: ignoring '/EDITANDCONTINUE' due to '/INCREMENTAL:NO' specification
         Login.vcxproj -> C:\Users\randy.girard\Desktop\eqclassic\LS\Login\.\..\build\login\Debug\Login.exe
       Manifest:
         C:\Program Files (x86)\Microsoft SDKs\Windows\v7.0A\bin\mt.exe /nologo /verbose /outputresource:"../build/login/Debug/Login.exe;#1" /manifest .\..\build\login\debug\Login.exe.intermediate.manifest
       BscMake:
         c:\Program Files (x86)\Microsoft Visual Studio 10.0\VC\bin\bscmake.exe /nologo /o".\..\build\login\Debug\Login.bsc" .\..\build\login\debug\client.sbr .\..\build\login\debug\EQCrypto.sbr .\..\build\login\debug\logindatabase.sbr .\..\build\login\debug\LWorld.sbr .\..\build\login\debug\net.sbr .\..\build\login\debug\crc32.sbr .\..\build\login\debug\database.sbr .\..\build\login\debug\dbcore.sbr .\..\build\login\debug\DBMemLeak.sbr .\..\build\login\debug\debug.sbr .\..\build\login\debug\EQNetwork.sbr .\..\build\login\debug\md5.sbr .\..\build\login\debug\MiscFunctions.sbr .\..\build\login\debug\Mutex.sbr .\..\build\login\debug\packet_dump.sbr .\..\build\login\debug\packet_functions.sbr .\..\build\login\debug\TCPConnection.sbr .\..\build\login\debug\timer.sbr
       FinalizeBuildStatus:
         Deleting file ".\..\build\login\debug\Login.unsuccessfulbuild".
         Touching ".\..\build\login\debug\Login.lastbuildstate".
     1>Done Building Project "C:\Users\randy.girard\Desktop\eqclassic\LS\Login\Login.vcxproj" (build target(s)).

Build succeeded.

Time Elapsed 00:00:13.82
