Build started 11/12/2013 10:28:38 PM.
     1>Project "C:\Users\Jake\Documents\GitHub\eqclassic\Utils\azone\Azone.vcxproj" on node 3 (build target(s)).
     1>InitializeBuildStatus:
         Touching "Release\Azone.unsuccessfulbuild".
       ClCompile:
         c:\Program Files (x86)\Microsoft Visual Studio 10.0\VC\bin\CL.exe /c /AI"C:\Program Files (x86)\Reference Assemblies\Microsoft\Framework\.NETFramework\v4.0" /Zi /clr:oldSyntax /nologo /W3 /WX- /O2 /Oy- /D WIN32 /D NDEBUG /D _VC80_UPGRADE=0x0710 /D _MBCS /Gm- /EHa /MD /GS /fp:precise /Zc:wchar_t /Zc:forScope /Fo"Release\\" /Fd"Release\vc100.pdb" /TP /FU"C:\Program Files (x86)\Reference Assemblies\Microsoft\Framework\.NETFramework\v4.0\System.Core.dll" /analyze- /errorReport:prompt azone.cpp /clr:nostdlib 
     1>cl : Command line warning D9035: option 'clr:oldsyntax' has been deprecated and will be removed in a future release
         azone.cpp
     1>azone.cpp(74): warning C4996: 'sprintf': This function or variable may be unsafe. Consider using sprintf_s instead. To disable deprecation, use _CRT_SECURE_NO_WARNINGS. See online help for details.
                 c:\Program Files (x86)\Microsoft Visual Studio 10.0\VC\include\stdio.h(371) : see declaration of 'sprintf'
     1>azone.cpp(105): error C3861: 'safe_delete': identifier not found
     1>azone.cpp(111): error C3861: 'safe_delete': identifier not found
     1>azone.cpp(149): warning C4244: '=' : conversion from 'double' to 'float', possible loss of data
     1>azone.cpp(150): warning C4244: '=' : conversion from 'double' to 'float', possible loss of data
     1>azone.cpp(155): warning C4244: '=' : conversion from 'double' to 'float', possible loss of data
     1>azone.cpp(157): warning C4244: '=' : conversion from 'double' to 'float', possible loss of data
     1>azone.cpp(158): warning C4244: '=' : conversion from 'double' to 'float', possible loss of data
     1>azone.cpp(163): warning C4244: '=' : conversion from 'double' to 'float', possible loss of data
     1>azone.cpp(165): warning C4244: '=' : conversion from 'double' to 'float', possible loss of data
     1>azone.cpp(166): warning C4244: '=' : conversion from 'double' to 'float', possible loss of data
     1>azone.cpp(171): warning C4244: '=' : conversion from 'double' to 'float', possible loss of data
     1>azone.cpp(292): warning C4244: '=' : conversion from 'unsigned long' to 'unsigned short', possible loss of data
     1>azone.cpp(351): error C3861: 'safe_delete_array': identifier not found
     1>azone.cpp(352): error C3861: 'safe_delete_array': identifier not found
     1>azone.cpp(381): error C3861: 'safe_delete': identifier not found
     1>azone.cpp(383): error C3861: 'safe_delete': identifier not found
     1>azone.cpp(385): error C3861: 'safe_delete': identifier not found
     1>azone.cpp(387): error C3861: 'safe_delete': identifier not found
     1>azone.cpp(421): warning C4244: '=' : conversion from 'unsigned long' to 'unsigned short', possible loss of data
     1>azone.cpp(427): warning C4244: '=' : conversion from 'unsigned long' to 'unsigned short', possible loss of data
     1>azone.cpp(433): warning C4244: '=' : conversion from 'unsigned long' to 'unsigned short', possible loss of data
     1>azone.cpp(439): warning C4244: '=' : conversion from 'unsigned long' to 'unsigned short', possible loss of data
     1>azone.cpp(579): warning C4244: '=' : conversion from 'unsigned int' to 'float', possible loss of data
     1>azone.cpp(580): warning C4244: '=' : conversion from 'unsigned int' to 'float', possible loss of data
     1>azone.cpp(581): warning C4244: '=' : conversion from 'unsigned int' to 'float', possible loss of data
     1>azone.cpp(582): warning C4244: '=' : conversion from 'unsigned int' to 'float', possible loss of data
     1>azone.cpp(586): warning C4244: 'initializing' : conversion from 'double' to 'float', possible loss of data
     1>azone.cpp(587): warning C4244: 'initializing' : conversion from 'double' to 'float', possible loss of data
     1>azone.cpp(588): warning C4244: 'initializing' : conversion from 'double' to 'float', possible loss of data
     1>azone.cpp(589): warning C4244: 'initializing' : conversion from 'double' to 'float', possible loss of data
     1>azone.cpp(874): warning C4244: 'initializing' : conversion from 'double' to 'float', possible loss of data
     1>azone.cpp(875): warning C4244: 'initializing' : conversion from 'double' to 'float', possible loss of data
     1>azone.cpp(903): error C3861: 'safe_delete': identifier not found
     1>azone.cpp(907): error C3861: 'safe_delete': identifier not found
     1>azone.cpp(911): error C3861: 'safe_delete': identifier not found
     1>azone.cpp(915): error C3861: 'safe_delete': identifier not found
     1>Done Building Project "C:\Users\Jake\Documents\GitHub\eqclassic\Utils\azone\Azone.vcxproj" (build target(s)) -- FAILED.

Build FAILED.

Time Elapsed 00:00:00.68
