..\Build\Debug\SharedMemory.ilk
..\Build\Debug\SharedMemory.pdb
C:\USERS\JAKE\DESKTOP\EQCLASSIC JAN 1ST 2010\BUILD\DEBUG\SHAREDMEMORY.DLL
C:\Users\Jake\Desktop\EQClassic Jan 1st 2010\Build\Debug\SharedMemory.exp
C:\USERS\JAKE\DESKTOP\EQCLASSIC JAN 1ST 2010\BUILD\DEBUG\SHAREDMEMORY.ILK
C:\Users\Jake\Desktop\EQClassic Jan 1st 2010\Build\Debug\SharedMemory.lib
C:\USERS\JAKE\DESKTOP\EQCLASSIC JAN 1ST 2010\BUILD\DEBUG\SHAREDMEMORY.PDB
C:\Users\Jake\Desktop\EQClassic Jan 1st 2010\SharedMemory\..\Build\Debug\SharedMemory.dll
C:\Users\Jake\Desktop\EQClassic Jan 1st 2010\SharedMemory\Intermediate\Debug\cl.command.1.tlog
C:\Users\Jake\Desktop\EQClassic Jan 1st 2010\SharedMemory\Intermediate\Debug\CL.read.1.tlog
C:\Users\Jake\Desktop\EQClassic Jan 1st 2010\SharedMemory\Intermediate\Debug\CL.write.1.tlog
C:\USERS\JAKE\DESKTOP\EQCLASSIC JAN 1ST 2010\SHAREDMEMORY\INTERMEDIATE\DEBUG\DATABASE.OBJ
C:\USERS\JAKE\DESKTOP\EQCLASSIC JAN 1ST 2010\SHAREDMEMORY\INTERMEDIATE\DEBUG\DATABASEHANDLER.OBJ
C:\USERS\JAKE\DESKTOP\EQCLASSIC JAN 1ST 2010\SHAREDMEMORY\INTERMEDIATE\DEBUG\DLLMAIN.OBJ
C:\USERS\JAKE\DESKTOP\EQCLASSIC JAN 1ST 2010\SHAREDMEMORY\INTERMEDIATE\DEBUG\EQCEXCEPTION.OBJ
C:\USERS\JAKE\DESKTOP\EQCLASSIC JAN 1ST 2010\SHAREDMEMORY\INTERMEDIATE\DEBUG\EQCUTILS.OBJ
C:\USERS\JAKE\DESKTOP\EQCLASSIC JAN 1ST 2010\SHAREDMEMORY\INTERMEDIATE\DEBUG\ITEM.OBJ
C:\Users\Jake\Desktop\EQClassic Jan 1st 2010\SharedMemory\Intermediate\Debug\link.6296.read.1.tlog
C:\Users\Jake\Desktop\EQClassic Jan 1st 2010\SharedMemory\Intermediate\Debug\link.6296.write.1.tlog
C:\Users\Jake\Desktop\EQClassic Jan 1st 2010\SharedMemory\Intermediate\Debug\link.6296-cvtres.read.1.tlog
C:\Users\Jake\Desktop\EQClassic Jan 1st 2010\SharedMemory\Intermediate\Debug\link.6296-cvtres.write.1.tlog
C:\Users\Jake\Desktop\EQClassic Jan 1st 2010\SharedMemory\Intermediate\Debug\link.command.1.tlog
C:\Users\Jake\Desktop\EQClassic Jan 1st 2010\SharedMemory\Intermediate\Debug\link.read.1.tlog
C:\Users\Jake\Desktop\EQClassic Jan 1st 2010\SharedMemory\Intermediate\Debug\link.write.1.tlog
C:\Users\Jake\Desktop\EQClassic Jan 1st 2010\SharedMemory\Intermediate\Debug\link-cvtres.read.1.tlog
C:\Users\Jake\Desktop\EQClassic Jan 1st 2010\SharedMemory\Intermediate\Debug\link-cvtres.write.1.tlog
C:\USERS\JAKE\DESKTOP\EQCLASSIC JAN 1ST 2010\SHAREDMEMORY\INTERMEDIATE\DEBUG\LOGGER.OBJ
C:\USERS\JAKE\DESKTOP\EQCLASSIC JAN 1ST 2010\SHAREDMEMORY\INTERMEDIATE\DEBUG\MISCFUNCTIONS.OBJ
C:\Users\Jake\Desktop\EQClassic Jan 1st 2010\SharedMemory\Intermediate\Debug\mt.command.1.tlog
C:\Users\Jake\Desktop\EQClassic Jan 1st 2010\SharedMemory\Intermediate\Debug\mt.read.1.tlog
C:\Users\Jake\Desktop\EQClassic Jan 1st 2010\SharedMemory\Intermediate\Debug\mt.write.1.tlog
C:\USERS\JAKE\DESKTOP\EQCLASSIC JAN 1ST 2010\SHAREDMEMORY\INTERMEDIATE\DEBUG\MUTEX.OBJ
C:\Users\Jake\Desktop\EQClassic Jan 1st 2010\SharedMemory\Intermediate\Debug\rc.command.1.tlog
C:\Users\Jake\Desktop\EQClassic Jan 1st 2010\SharedMemory\Intermediate\Debug\rc.read.1.tlog
C:\Users\Jake\Desktop\EQClassic Jan 1st 2010\SharedMemory\Intermediate\Debug\rc.write.1.tlog
C:\USERS\JAKE\DESKTOP\EQCLASSIC JAN 1ST 2010\SHAREDMEMORY\INTERMEDIATE\DEBUG\SHAREDMEMORY.DLL.EMBED.MANIFEST
C:\USERS\JAKE\DESKTOP\EQCLASSIC JAN 1ST 2010\SHAREDMEMORY\INTERMEDIATE\DEBUG\SHAREDMEMORY.DLL.EMBED.MANIFEST.RES
C:\USERS\JAKE\DESKTOP\EQCLASSIC JAN 1ST 2010\SHAREDMEMORY\INTERMEDIATE\DEBUG\SHAREDMEMORY.DLL.INTERMEDIATE.MANIFEST
C:\USERS\JAKE\DESKTOP\EQCLASSIC JAN 1ST 2010\SHAREDMEMORY\INTERMEDIATE\DEBUG\SHAREDMEMORY.OBJ
C:\Users\Jake\Desktop\EQClassic Jan 1st 2010\SharedMemory\Intermediate\Debug\SharedMemory.write.1.tlog
C:\Users\Jake\Desktop\EQClassic Jan 1st 2010\SharedMemory\Intermediate\Debug\SharedMemory_manifest.rc
C:\USERS\JAKE\DESKTOP\EQCLASSIC JAN 1ST 2010\SHAREDMEMORY\INTERMEDIATE\DEBUG\SHAREDMEMORYITEMS.OBJ
C:\Users\Jake\Desktop\EQClassic Jan 1st 2010\SharedMemory\Intermediate\Debug\vc100.idb
C:\USERS\JAKE\DESKTOP\EQCLASSIC JAN 1ST 2010\SHAREDMEMORY\INTERMEDIATE\DEBUG\VC100.PDB
