Build started 1/23/2014 6:04:17 PM.
     1>Project "C:\Users\randy.girard\Desktop\eqclassic\SharedMemory\SharedMemory.vcxproj" on node 2 (build target(s)).
     1>InitializeBuildStatus:
         Creating ".\Intermediate\Debug\SharedMemory.unsuccessfulbuild" because "AlwaysCreate" was specified.
       ClCompile:
         All outputs are up-to-date.
         c:\Program Files (x86)\Microsoft Visual Studio 10.0\VC\bin\CL.exe /c /IC:\Perl\lib\CORE /I..\Dependencies\zlib\include /I"C:\Program Files (x86)\MySQL\MySQL Server 5.1\include" /ZI /nologo /W0 /WX- /Od /Oy- /D WIN32 /D _DEBUG /D _WINDOWS /D _USRDLL /D SHAREDMEMORY_EXPORTS /D _WINDLL /D _UNICODE /D UNICODE /Gm /EHsc /RTC1 /MTd /GS /fp:precise /Zc:wchar_t /Zc:forScope /Fo".\Intermediate\Debug\\" /Fd".\Intermediate\Debug\vc100.pdb" /Gd /TP /analyze- /errorReport:prompt Source\DLLMain.cpp Source\SharedMemory.cpp Source\SharedMemoryItems.cpp ..\Common\Source\database.cpp ..\Common\Source\DatabaseHandler.cpp ..\EQC\Sources\EQCException.cpp ..\EQC\Sources\EQCUtils.cpp ..\Common\Source\Item.cpp ..\Common\Source\Logger.cpp ..\Common\Source\MiscFunctions.cpp ..\Common\Source\Mutex.cpp  /I"../Common/Include" /I"./Include" /I"../EQC/Include" /I"../SharedMemory/Include/" 
         Mutex.cpp
         MiscFunctions.cpp
         Logger.cpp
         Item.cpp
         EQCUtils.cpp
         EQCException.cpp
         DatabaseHandler.cpp
         database.cpp
         SharedMemoryItems.cpp
         SharedMemory.cpp
         DLLMain.cpp
         Generating Code...
       ManifestResourceCompile:
         All outputs are up-to-date.
       Link:
         c:\Program Files (x86)\Microsoft Visual Studio 10.0\VC\bin\link.exe /ERRORREPORT:PROMPT /OUT:"..\build\debug\SharedMemory.dll" /INCREMENTAL /NOLOGO /LIBPATH:"C:\Program Files (x86)\MySQL\MySQL Server 5.1\lib\debug" /LIBPATH:"C:\Program Files (x86)\MySQL\MySQL Server 5.1\lib" /LIBPATH:../Libraries WS2_32.lib MySQLClient.lib Zlib.lib kernel32.lib user32.lib gdi32.lib winspool.lib comdlg32.lib advapi32.lib shell32.lib ole32.lib oleaut32.lib uuid.lib odbc32.lib odbccp32.lib /NODEFAULTLIB:LIBCMT /MANIFEST /ManifestFile:".\Intermediate\Debug\SharedMemory.dll.intermediate.manifest" /MANIFESTUAC:"level='asInvoker' uiAccess='false'" /DEBUG /PDB:"C:\Users\randy.girard\Desktop\eqclassic\Build\Debug\SharedMemory.pdb" /SUBSYSTEM:WINDOWS /TLBID:1 /DYNAMICBASE /NXCOMPAT /IMPLIB:"..\Build\Debug\SharedMemory.lib" /MACHINE:X86 /DLL .\Intermediate\Debug\SharedMemory.dll.embed.manifest.res
         .\Intermediate\Debug\DLLMain.obj
         .\Intermediate\Debug\SharedMemory.obj
         .\Intermediate\Debug\SharedMemoryItems.obj
         .\Intermediate\Debug\database.obj
         .\Intermediate\Debug\DatabaseHandler.obj
         .\Intermediate\Debug\EQCException.obj
         .\Intermediate\Debug\EQCUtils.obj
         .\Intermediate\Debug\Item.obj
         .\Intermediate\Debug\Logger.obj
         .\Intermediate\Debug\MiscFunctions.obj
         .\Intermediate\Debug\Mutex.obj
       Manifest:
         C:\Program Files (x86)\Microsoft SDKs\Windows\v7.0A\bin\mt.exe /nologo /verbose /out:".\Intermediate\Debug\SharedMemory.dll.embed.manifest" /manifest .\Intermediate\Debug\SharedMemory.dll.intermediate.manifest
         All outputs are up-to-date.
       LinkEmbedManifest:
         All outputs are up-to-date.
         SharedMemory.vcxproj -> C:\Users\randy.girard\Desktop\eqclassic\SharedMemory\..\Build\Debug\SharedMemory.dll
       FinalizeBuildStatus:
         Deleting file ".\Intermediate\Debug\SharedMemory.unsuccessfulbuild".
         Touching ".\Intermediate\Debug\SharedMemory.lastbuildstate".
     1>Done Building Project "C:\Users\randy.girard\Desktop\eqclassic\SharedMemory\SharedMemory.vcxproj" (build target(s)).

Build succeeded.

Time Elapsed 00:00:17.93
