C:\Users\Jake\Desktop\EQClassic Jan 1st 2010\Zone\Intermediate\Debug\attack.obj
C:\Users\Jake\Desktop\EQClassic Jan 1st 2010\Zone\Intermediate\Debug\Beg.obj
C:\Users\Jake\Desktop\EQClassic Jan 1st 2010\Zone\Intermediate\Debug\BindWound.obj
C:\Users\Jake\Desktop\EQClassic Jan 1st 2010\Zone\Intermediate\Debug\boats.obj
C:\Users\Jake\Desktop\EQClassic Jan 1st 2010\Zone\Intermediate\Debug\CL.1408.read.1.tlog
C:\Users\Jake\Desktop\EQClassic Jan 1st 2010\Zone\Intermediate\Debug\CL.1408.write.1.tlog
C:\Users\Jake\Desktop\EQClassic Jan 1st 2010\Zone\Intermediate\Debug\CL.156.read.1.tlog
C:\Users\Jake\Desktop\EQClassic Jan 1st 2010\Zone\Intermediate\Debug\CL.156.write.1.tlog
C:\Users\Jake\Desktop\EQClassic Jan 1st 2010\Zone\Intermediate\Debug\CL.3236.read.1.tlog
C:\Users\Jake\Desktop\EQClassic Jan 1st 2010\Zone\Intermediate\Debug\CL.3236.write.1.tlog
C:\Users\Jake\Desktop\EQClassic Jan 1st 2010\Zone\Intermediate\Debug\CL.3240.read.1.tlog
C:\Users\Jake\Desktop\EQClassic Jan 1st 2010\Zone\Intermediate\Debug\CL.3240.write.1.tlog
C:\Users\Jake\Desktop\EQClassic Jan 1st 2010\Zone\Intermediate\Debug\cl.command.1.tlog
C:\Users\Jake\Desktop\EQClassic Jan 1st 2010\Zone\Intermediate\Debug\CL.read.1.tlog
C:\Users\Jake\Desktop\EQClassic Jan 1st 2010\Zone\Intermediate\Debug\cl.write.1.tlog
C:\Users\Jake\Desktop\EQClassic Jan 1st 2010\Zone\Intermediate\Debug\classes.obj
C:\Users\Jake\Desktop\EQClassic Jan 1st 2010\Zone\Intermediate\Debug\client.obj
C:\Users\Jake\Desktop\EQClassic Jan 1st 2010\Zone\Intermediate\Debug\Client_Commands.obj
C:\Users\Jake\Desktop\EQClassic Jan 1st 2010\Zone\Intermediate\Debug\Client_Messaging.obj
C:\Users\Jake\Desktop\EQClassic Jan 1st 2010\Zone\Intermediate\Debug\Client_Packet.obj
C:\Users\Jake\Desktop\EQClassic Jan 1st 2010\Zone\Intermediate\Debug\Client_Process.obj
C:\Users\Jake\Desktop\EQClassic Jan 1st 2010\Zone\Intermediate\Debug\ClientList.obj
C:\Users\Jake\Desktop\EQClassic Jan 1st 2010\Zone\Intermediate\Debug\container.obj
C:\Users\Jake\Desktop\EQClassic Jan 1st 2010\Zone\Intermediate\Debug\database.obj
C:\Users\Jake\Desktop\EQClassic Jan 1st 2010\Zone\Intermediate\Debug\DatabaseHandler.obj
C:\Users\Jake\Desktop\EQClassic Jan 1st 2010\Zone\Intermediate\Debug\Debug.obj
C:\Users\Jake\Desktop\EQClassic Jan 1st 2010\Zone\Intermediate\Debug\embparser.obj
C:\Users\Jake\Desktop\EQClassic Jan 1st 2010\Zone\Intermediate\Debug\embperl.obj
C:\Users\Jake\Desktop\EQClassic Jan 1st 2010\Zone\Intermediate\Debug\entity.obj
C:\Users\Jake\Desktop\EQClassic Jan 1st 2010\Zone\Intermediate\Debug\EntityList.obj
C:\Users\Jake\Desktop\EQClassic Jan 1st 2010\Zone\Intermediate\Debug\EQCException.obj
C:\Users\Jake\Desktop\EQClassic Jan 1st 2010\Zone\Intermediate\Debug\EQCUtils.obj
C:\Users\Jake\Desktop\EQClassic Jan 1st 2010\Zone\Intermediate\Debug\EQFragment.obj
C:\Users\Jake\Desktop\EQClassic Jan 1st 2010\Zone\Intermediate\Debug\EQPacket.obj
C:\Users\Jake\Desktop\EQClassic Jan 1st 2010\Zone\Intermediate\Debug\EQPacketManager.obj
C:\Users\Jake\Desktop\EQClassic Jan 1st 2010\Zone\Intermediate\Debug\faction.obj
C:\Users\Jake\Desktop\EQClassic Jan 1st 2010\Zone\Intermediate\Debug\Fishing.obj
C:\Users\Jake\Desktop\EQClassic Jan 1st 2010\Zone\Intermediate\Debug\forage.obj
C:\Users\Jake\Desktop\EQClassic Jan 1st 2010\Zone\Intermediate\Debug\Fragment.obj
C:\Users\Jake\Desktop\EQClassic Jan 1st 2010\Zone\Intermediate\Debug\FragmentGroup.obj
C:\Users\Jake\Desktop\EQClassic Jan 1st 2010\Zone\Intermediate\Debug\FragmentGroupList.obj
C:\Users\Jake\Desktop\EQClassic Jan 1st 2010\Zone\Intermediate\Debug\groups.obj
C:\Users\Jake\Desktop\EQClassic Jan 1st 2010\Zone\Intermediate\Debug\guild_process.obj
C:\Users\Jake\Desktop\EQClassic Jan 1st 2010\Zone\Intermediate\Debug\GuildDatabase.obj
C:\Users\Jake\Desktop\EQClassic Jan 1st 2010\Zone\Intermediate\Debug\hate_list.obj
C:\Users\Jake\Desktop\EQClassic Jan 1st 2010\Zone\Intermediate\Debug\InstillDoubt.obj
C:\Users\Jake\Desktop\EQClassic Jan 1st 2010\Zone\Intermediate\Debug\Item.obj
C:\Users\Jake\Desktop\EQClassic Jan 1st 2010\Zone\Intermediate\Debug\languages.obj
C:\Users\Jake\Desktop\EQClassic Jan 1st 2010\Zone\Intermediate\Debug\link.command.1.tlog
C:\Users\Jake\Desktop\EQClassic Jan 1st 2010\Zone\Intermediate\Debug\link.read.1.tlog
C:\Users\Jake\Desktop\EQClassic Jan 1st 2010\Zone\Intermediate\Debug\link.write.1.tlog
C:\Users\Jake\Desktop\EQClassic Jan 1st 2010\Zone\Intermediate\Debug\Logger.obj
C:\Users\Jake\Desktop\EQClassic Jan 1st 2010\Zone\Intermediate\Debug\loottables.obj
C:\Users\Jake\Desktop\EQClassic Jan 1st 2010\Zone\Intermediate\Debug\Map.obj
C:\Users\Jake\Desktop\EQClassic Jan 1st 2010\Zone\Intermediate\Debug\Mend.obj
C:\Users\Jake\Desktop\EQClassic Jan 1st 2010\Zone\Intermediate\Debug\MiscFunctions.obj
C:\Users\Jake\Desktop\EQClassic Jan 1st 2010\Zone\Intermediate\Debug\mob.obj
C:\Users\Jake\Desktop\EQClassic Jan 1st 2010\Zone\Intermediate\Debug\moremath.obj
C:\Users\Jake\Desktop\EQClassic Jan 1st 2010\Zone\Intermediate\Debug\Mutex.obj
C:\Users\Jake\Desktop\EQClassic Jan 1st 2010\Zone\Intermediate\Debug\net.obj
C:\Users\Jake\Desktop\EQClassic Jan 1st 2010\Zone\Intermediate\Debug\nodes.obj
C:\Users\Jake\Desktop\EQClassic Jan 1st 2010\Zone\Intermediate\Debug\npc.obj
C:\Users\Jake\Desktop\EQClassic Jan 1st 2010\Zone\Intermediate\Debug\NpcAI.obj
C:\Users\Jake\Desktop\EQClassic Jan 1st 2010\Zone\Intermediate\Debug\object.obj
C:\Users\Jake\Desktop\EQClassic Jan 1st 2010\Zone\Intermediate\Debug\packet_dump.obj
C:\Users\Jake\Desktop\EQClassic Jan 1st 2010\Zone\Intermediate\Debug\packet_dump_file.obj
C:\Users\Jake\Desktop\EQClassic Jan 1st 2010\Zone\Intermediate\Debug\packet_functions.obj
C:\Users\Jake\Desktop\EQClassic Jan 1st 2010\Zone\Intermediate\Debug\PacketUtils.obj
C:\Users\Jake\Desktop\EQClassic Jan 1st 2010\Zone\Intermediate\Debug\perl_client.obj
C:\Users\Jake\Desktop\EQClassic Jan 1st 2010\Zone\Intermediate\Debug\perl_entity.obj
C:\Users\Jake\Desktop\EQClassic Jan 1st 2010\Zone\Intermediate\Debug\perl_mob.obj
C:\Users\Jake\Desktop\EQClassic Jan 1st 2010\Zone\Intermediate\Debug\perl_npc.obj
C:\Users\Jake\Desktop\EQClassic Jan 1st 2010\Zone\Intermediate\Debug\perl_perlpacket.obj
C:\Users\Jake\Desktop\EQClassic Jan 1st 2010\Zone\Intermediate\Debug\perlpacket.obj
C:\Users\Jake\Desktop\EQClassic Jan 1st 2010\Zone\Intermediate\Debug\PetitionManager.obj
C:\Users\Jake\Desktop\EQClassic Jan 1st 2010\Zone\Intermediate\Debug\petitions.obj
C:\Users\Jake\Desktop\EQClassic Jan 1st 2010\Zone\Intermediate\Debug\PlayerCorpse.obj
C:\Users\Jake\Desktop\EQClassic Jan 1st 2010\Zone\Intermediate\Debug\PlayerPacketFactory.obj
C:\Users\Jake\Desktop\EQClassic Jan 1st 2010\Zone\Intermediate\Debug\priorityqueue.obj
C:\Users\Jake\Desktop\EQClassic Jan 1st 2010\Zone\Intermediate\Debug\projectile.obj
C:\Users\Jake\Desktop\EQClassic Jan 1st 2010\Zone\Intermediate\Debug\questmgr.obj
C:\Users\Jake\Desktop\EQClassic Jan 1st 2010\Zone\Intermediate\Debug\races.obj
C:\Users\Jake\Desktop\EQClassic Jan 1st 2010\Zone\Intermediate\Debug\rc.command.1.tlog
C:\Users\Jake\Desktop\EQClassic Jan 1st 2010\Zone\Intermediate\Debug\rc.read.1.tlog
C:\Users\Jake\Desktop\EQClassic Jan 1st 2010\Zone\Intermediate\Debug\rc.write.1.tlog
C:\Users\Jake\Desktop\EQClassic Jan 1st 2010\Zone\Intermediate\Debug\ServerPacketFactory.obj
C:\Users\Jake\Desktop\EQClassic Jan 1st 2010\Zone\Intermediate\Debug\spawn2.obj
C:\Users\Jake\Desktop\EQClassic Jan 1st 2010\Zone\Intermediate\Debug\spawngroup.obj
C:\Users\Jake\Desktop\EQClassic Jan 1st 2010\Zone\Intermediate\Debug\Spell.obj
C:\Users\Jake\Desktop\EQClassic Jan 1st 2010\Zone\Intermediate\Debug\SpellBonuses.obj
C:\Users\Jake\Desktop\EQClassic Jan 1st 2010\Zone\Intermediate\Debug\SpellData.obj
C:\Users\Jake\Desktop\EQClassic Jan 1st 2010\Zone\Intermediate\Debug\SpellEffects.obj
C:\Users\Jake\Desktop\EQClassic Jan 1st 2010\Zone\Intermediate\Debug\spells.obj
C:\Users\Jake\Desktop\EQClassic Jan 1st 2010\Zone\Intermediate\Debug\SpellsHandler.obj
C:\Users\Jake\Desktop\EQClassic Jan 1st 2010\Zone\Intermediate\Debug\timer.obj
C:\Users\Jake\Desktop\EQClassic Jan 1st 2010\Zone\Intermediate\Debug\Tradeskills.obj
C:\USERS\JAKE\DESKTOP\EQCLASSIC JAN 1ST 2010\ZONE\INTERMEDIATE\DEBUG\VC100.PDB
C:\Users\Jake\Desktop\EQClassic Jan 1st 2010\Zone\Intermediate\Debug\watermap.obj
C:\Users\Jake\Desktop\EQClassic Jan 1st 2010\Zone\Intermediate\Debug\WorldServer.obj
C:\Users\Jake\Desktop\EQClassic Jan 1st 2010\Zone\Intermediate\Debug\WorldServer_Process.obj
C:\Users\Jake\Desktop\EQClassic Jan 1st 2010\Zone\Intermediate\Debug\Zone.exe.embed.manifest
C:\USERS\JAKE\DESKTOP\EQCLASSIC JAN 1ST 2010\ZONE\INTERMEDIATE\DEBUG\ZONE.EXE.EMBED.MANIFEST.RES
C:\Users\Jake\Desktop\EQClassic Jan 1st 2010\Zone\Intermediate\Debug\zone.obj
C:\Users\Jake\Desktop\EQClassic Jan 1st 2010\Zone\Intermediate\Debug\Zone.write.1.tlog
C:\Users\Jake\Desktop\EQClassic Jan 1st 2010\Zone\Intermediate\Debug\Zone_manifest.rc
C:\Users\Jake\Desktop\EQClassic Jan 1st 2010\Zone\Intermediate\Debug\ZoneGuildManager.obj
C:\Users\Jake\Desktop\EQClassic Jan 1st 2010\Zone\Intermediate\Debug\ZoneGuildManager_Packets.obj
C:\Users\Jake\Desktop\EQClassic Jan 1st 2010\Zone\Intermediate\Debug\ZoneGuildManager_Process.obj
C:\Users\Jake\Desktop\EQClassic Jan 1st 2010\Zone\Intermediate\Debug\ZoneGuildManager_WorldProcess.obj
