Build started 1/23/2014 6:04:37 PM.
     1>Project "C:\Users\randy.girard\Desktop\eqclassic\Zone\Zone.vcxproj" on node 3 (build target(s)).
     1>InitializeBuildStatus:
         Creating ".\Intermediate\Debug\Zone.unsuccessfulbuild" because "AlwaysCreate" was specified.
       ClCompile:
         All outputs are up-to-date.
         c:\Program Files (x86)\Microsoft Visual Studio 10.0\VC\bin\CL.exe /c /IC:\Perl\lib\CORE /I"C:\Program Files (x86)\MySQL\MySQL Server 5.1\include" /I..\Dependencies\zlib\include /I../Common/Include /I./Include /I../EQC/Include /I../SharedMemory/Include/ /Zi /nologo /W1 /WX- /Od /Oy- /D EMBPERL /D EQC_SHAREDMEMORY /D WIN32 /D _DEBUG /D _CONSOLE /D _CRT_SECURE_NO_DEPRECATE /D ZONE /D _UNICODE /D UNICODE /Gm- /EHsc /MTd /GS /fp:precise /Zc:wchar_t /Zc:forScope /Fo".\Intermediate\Debug\\" /Fd".\Intermediate\Debug\vc100.pdb" /Gd /TP /analyze- /errorReport:prompt ..\EQC\Sources\EQCException.cpp ..\EQC\Sources\EQCUtils.cpp ..\EQC\Sources\PacketUtils.cpp ..\Common\Source\classes.cpp ..\Common\Source\container.cpp ..\Common\Source\database.cpp ..\Common\Source\DatabaseHandler.cpp ..\Common\Source\EQFragment.cpp ..\Common\Source\EQPacket.cpp ..\Common\Source\EQPacketManager.cpp ..\Common\Source\Fragment.cpp ..\Common\Source\FragmentGroup.cpp ..\Common\Source\FragmentGroupList.cpp ..\Common\Source\GuildDatabase.cpp ..\Common\Source\Item.cpp ..\Common\Source\languages.cpp ..\Common\Source\Logger.cpp ..\Common\Source\MiscFunctions.cpp ..\Common\Source\moremath.cpp ..\Common\Source\Mutex.cpp ..\Common\Source\packet_dump.cpp ..\Common\Source\packet_dump_file.cpp ..\Common\Source\packet_functions.cpp ..\Common\Source\PlayerPacketFactory.cpp ..\Common\Source\races.cpp ..\Common\Source\ServerPacketFactory.cpp ..\Common\Source\timer.cpp Source\attack.cpp Source\boats.cpp Source\Debug.cpp Source\entity.cpp Source\EntityList.cpp Source\faction.cpp Source\forage.cpp Source\groups.cpp Source\hate_list.cpp Source\loottables.cpp Source\Map.cpp Source\mob.cpp Source\net.cpp nodes.cpp Source\npc.cpp Source\NpcAI.cpp Source\object.cpp Source\PetitionManager.cpp Source\petitions.cpp Source\PlayerCorpse.cpp Source\priorityqueue.cpp Source\projectile.cpp Source\spawn2.cpp Source\spawngroup.cpp Source\Tradeskills.cpp Source\watermap.cpp Source\WorldServer.cpp Source\WorldServer_Process.cpp Source\zone.cpp Beg.cpp BindWound.cpp Source\Fishing.cpp Source\InstillDoubt.cpp Source\Mend.cpp Source\Spell.cpp Source\SpellBonuses.cpp Source\SpellData.cpp Source\SpellEffects.cpp Source\spells.cpp Source\SpellsHandler.cpp Source\client.cpp Source\Client_Commands.cpp Source\Client_Messaging.cpp Source\Client_Packet.cpp Source\Client_Process.cpp Source\ClientList.cpp Source\guild_process.cpp Include\ZoneGuildManager.cpp Source\ZoneGuildManager_Packets.cpp Source\ZoneGuildManager_Process.cpp Source\ZoneGuildManager_WorldProcess.cpp Source\embparser.cpp Source\embperl.cpp Source\questmgr.cpp Source\perl_perlpacket.cpp Source\perlpacket.cpp Source\perl_client.cpp Source\perl_entity.cpp Source\perl_mob.cpp Source\perl_npc.cpp /MP 
         EQCException.cpp
         EQCUtils.cpp
         PacketUtils.cpp
         classes.cpp
         container.cpp
         database.cpp
         DatabaseHandler.cpp
         EQFragment.cpp
         EQPacket.cpp
         EQPacketManager.cpp
         Fragment.cpp
         FragmentGroup.cpp
         FragmentGroupList.cpp
         GuildDatabase.cpp
         Item.cpp
         languages.cpp
         Logger.cpp
         MiscFunctions.cpp
         moremath.cpp
         Mutex.cpp
         packet_dump.cpp
         packet_dump_file.cpp
         packet_functions.cpp
         PlayerPacketFactory.cpp
         races.cpp
         ServerPacketFactory.cpp
         timer.cpp
         attack.cpp
         boats.cpp
         Debug.cpp
         entity.cpp
         EntityList.cpp
         faction.cpp
         forage.cpp
         groups.cpp
         hate_list.cpp
         loottables.cpp
         Map.cpp
         mob.cpp
         net.cpp
         nodes.cpp
         npc.cpp
         NpcAI.cpp
         object.cpp
         PetitionManager.cpp
         petitions.cpp
         PlayerCorpse.cpp
         priorityqueue.cpp
         projectile.cpp
         spawn2.cpp
         spawngroup.cpp
         Tradeskills.cpp
         watermap.cpp
         WorldServer.cpp
         WorldServer_Process.cpp
         zone.cpp
         Beg.cpp
         BindWound.cpp
         Fishing.cpp
         InstillDoubt.cpp
         Mend.cpp
         Spell.cpp
         SpellBonuses.cpp
         SpellData.cpp
         SpellEffects.cpp
         spells.cpp
         SpellsHandler.cpp
         client.cpp
         Client_Commands.cpp
         Client_Messaging.cpp
         Client_Packet.cpp
         Client_Process.cpp
         ClientList.cpp
         guild_process.cpp
         ZoneGuildManager.cpp
         ZoneGuildManager_Packets.cpp
         ZoneGuildManager_Process.cpp
         ZoneGuildManager_WorldProcess.cpp
         embparser.cpp
         embperl.cpp
         questmgr.cpp
         perl_perlpacket.cpp
         perlpacket.cpp
         perl_client.cpp
         perl_entity.cpp
         perl_mob.cpp
         perl_npc.cpp
       ManifestResourceCompile:
         All outputs are up-to-date.
       Link:
         c:\Program Files (x86)\Microsoft Visual Studio 10.0\VC\bin\link.exe /ERRORREPORT:PROMPT /OUT:"..\build\debug\Zone.exe" /INCREMENTAL /NOLOGO /LIBPATH:"C:\Program Files (x86)\MySQL\MySQL Server 5.1\lib\debug" /LIBPATH:C:\Perl\lib\CORE /LIBPATH:"C:\Program Files (x86)\MySQL\MySQL Server 5.1\lib" /LIBPATH:..\Dependencies\zlib\lib WS2_32.lib MySQLClient.lib Zlib.lib kernel32.lib user32.lib gdi32.lib winspool.lib comdlg32.lib advapi32.lib shell32.lib ole32.lib oleaut32.lib uuid.lib odbc32.lib odbccp32.lib /NODEFAULTLIB:LIBCMT /MANIFEST /ManifestFile:".\Intermediate\Debug\Zone.exe.intermediate.manifest" /MANIFESTUAC:"level='asInvoker' uiAccess='false'" /DEBUG /PDB:"C:\Users\randy.girard\Desktop\eqclassic\Build\Debug\Zone.pdb" /ASSEMBLYDEBUG /SUBSYSTEM:CONSOLE /TLBID:1 /DYNAMICBASE:NO /IMPLIB:"..\Build\Debug\Zone.lib" /MACHINE:X86 .\Intermediate\Debug\Zone.exe.embed.manifest.res
         .\Intermediate\Debug\EQCException.obj
         .\Intermediate\Debug\EQCUtils.obj
         .\Intermediate\Debug\PacketUtils.obj
         .\Intermediate\Debug\classes.obj
         .\Intermediate\Debug\container.obj
         .\Intermediate\Debug\database.obj
         .\Intermediate\Debug\DatabaseHandler.obj
         .\Intermediate\Debug\EQFragment.obj
         .\Intermediate\Debug\EQPacket.obj
         .\Intermediate\Debug\EQPacketManager.obj
         .\Intermediate\Debug\Fragment.obj
         .\Intermediate\Debug\FragmentGroup.obj
         .\Intermediate\Debug\FragmentGroupList.obj
         .\Intermediate\Debug\GuildDatabase.obj
         .\Intermediate\Debug\Item.obj
         .\Intermediate\Debug\languages.obj
         .\Intermediate\Debug\Logger.obj
         .\Intermediate\Debug\MiscFunctions.obj
         .\Intermediate\Debug\moremath.obj
         .\Intermediate\Debug\Mutex.obj
         .\Intermediate\Debug\packet_dump.obj
         .\Intermediate\Debug\packet_dump_file.obj
         .\Intermediate\Debug\packet_functions.obj
         .\Intermediate\Debug\PlayerPacketFactory.obj
         .\Intermediate\Debug\races.obj
         .\Intermediate\Debug\ServerPacketFactory.obj
         .\Intermediate\Debug\timer.obj
         .\Intermediate\Debug\attack.obj
         .\Intermediate\Debug\boats.obj
         .\Intermediate\Debug\Debug.obj
         .\Intermediate\Debug\entity.obj
         .\Intermediate\Debug\EntityList.obj
         .\Intermediate\Debug\faction.obj
         .\Intermediate\Debug\forage.obj
         .\Intermediate\Debug\groups.obj
         .\Intermediate\Debug\hate_list.obj
         .\Intermediate\Debug\loottables.obj
         .\Intermediate\Debug\Map.obj
         .\Intermediate\Debug\mob.obj
         .\Intermediate\Debug\net.obj
         .\Intermediate\Debug\nodes.obj
         .\Intermediate\Debug\npc.obj
         .\Intermediate\Debug\NpcAI.obj
         .\Intermediate\Debug\object.obj
         .\Intermediate\Debug\PetitionManager.obj
         .\Intermediate\Debug\petitions.obj
         .\Intermediate\Debug\PlayerCorpse.obj
         .\Intermediate\Debug\priorityqueue.obj
         .\Intermediate\Debug\projectile.obj
         .\Intermediate\Debug\spawn2.obj
         .\Intermediate\Debug\spawngroup.obj
         .\Intermediate\Debug\Tradeskills.obj
         .\Intermediate\Debug\watermap.obj
         .\Intermediate\Debug\WorldServer.obj
         .\Intermediate\Debug\WorldServer_Process.obj
         .\Intermediate\Debug\zone.obj
         .\Intermediate\Debug\Beg.obj
         .\Intermediate\Debug\BindWound.obj
         .\Intermediate\Debug\Fishing.obj
         .\Intermediate\Debug\InstillDoubt.obj
         .\Intermediate\Debug\Mend.obj
         .\Intermediate\Debug\Spell.obj
         .\Intermediate\Debug\SpellBonuses.obj
         .\Intermediate\Debug\SpellData.obj
         .\Intermediate\Debug\SpellEffects.obj
         .\Intermediate\Debug\spells.obj
         .\Intermediate\Debug\SpellsHandler.obj
         .\Intermediate\Debug\client.obj
         .\Intermediate\Debug\Client_Commands.obj
         .\Intermediate\Debug\Client_Messaging.obj
         .\Intermediate\Debug\Client_Packet.obj
         .\Intermediate\Debug\Client_Process.obj
         .\Intermediate\Debug\ClientList.obj
         .\Intermediate\Debug\guild_process.obj
         .\Intermediate\Debug\ZoneGuildManager.obj
         .\Intermediate\Debug\ZoneGuildManager_Packets.obj
         .\Intermediate\Debug\ZoneGuildManager_Process.obj
         .\Intermediate\Debug\ZoneGuildManager_WorldProcess.obj
         .\Intermediate\Debug\embparser.obj
         .\Intermediate\Debug\embperl.obj
         .\Intermediate\Debug\questmgr.obj
         .\Intermediate\Debug\perl_perlpacket.obj
         .\Intermediate\Debug\perlpacket.obj
         .\Intermediate\Debug\perl_client.obj
         .\Intermediate\Debug\perl_entity.obj
         .\Intermediate\Debug\perl_mob.obj
         .\Intermediate\Debug\perl_npc.obj
         C:\Users\randy.girard\Desktop\eqclassic\Build\Debug\SharedMemory.lib
            Creating library ..\Build\Debug\Zone.lib and object ..\Build\Debug\Zone.exp
       Manifest:
         C:\Program Files (x86)\Microsoft SDKs\Windows\v7.0A\bin\mt.exe /nologo /verbose /out:".\Intermediate\Debug\Zone.exe.embed.manifest" /manifest .\Intermediate\Debug\Zone.exe.intermediate.manifest
         All outputs are up-to-date.
       LinkEmbedManifest:
         All outputs are up-to-date.
         Zone.vcxproj -> C:\Users\randy.girard\Desktop\eqclassic\Zone\..\Build\Debug\Zone.exe
       FinalizeBuildStatus:
         Deleting file ".\Intermediate\Debug\Zone.unsuccessfulbuild".
         Touching ".\Intermediate\Debug\Zone.lastbuildstate".
     1>Done Building Project "C:\Users\randy.girard\Desktop\eqclassic\Zone\Zone.vcxproj" (build target(s)).

Build succeeded.

Time Elapsed 00:00:31.73
