Build started 1/23/2014 6:00:47 PM.
     1>Project "C:\Users\randy.girard\Desktop\eqclassic\World\World.vcxproj" on node 3 (build target(s)).
     1>InitializeBuildStatus:
         Creating ".\Intermediate\Debug\World.unsuccessfulbuild" because "AlwaysCreate" was specified.
       ClCompile:
         c:\Program Files (x86)\Microsoft Visual Studio 10.0\VC\bin\CL.exe /c /IC:\Perl\lib\CORE /I"C:\Program Files (x86)\MySQL\MySQL Server 5.1\include" /I../Dependencies\zlib\include /I./Network /I../Common/Include /I./Include /I../EQC/Include /I../SharedMemory/Include/ /ZI /nologo /W1 /WX- /Od /Oy- /D EQC_SHAREDMEMORY /D WIN32 /D _DEBUG /D _CONSOLE /D _CRT_SECURE_NO_DEPRECATE /D WORLD /D _UNICODE /D UNICODE /Gm /EHsc /RTC1 /MTd /GS /fp:precise /Zc:wchar_t /Zc:forScope /Fo".\Intermediate\Debug\\" /Fd".\Intermediate\Debug\vc100.pdb" /Gd /TP /analyze- /errorReport:prompt Source\Boat.cpp Source\BoatsManager.cpp Source\Client.cpp Source\Client_Process.cpp Source\ClientList.cpp Source\console.cpp Source\LoginServer.cpp Source\LoginServer_process.cpp Source\TimeOfDay.cpp Source\World.cpp Source\WorldGuildManager.cpp Source\WorldGuildManager_Packets.cpp Source\WorldGuildManager_Process.cpp Source\WorldGuildManager_ZoneProcess.cpp Source\ZoneServer.cpp Source\zoneserver_process.cpp Source\ClientNetwork.cpp Source\ConsoleList.cpp Source\net.cpp Source\WorldGuildNetworkManager.cpp Source\ZSList.cpp Source\WorldGuildDatabaseManager.cpp ..\Common\Source\classes.cpp ..\Common\Source\database.cpp ..\Common\Source\DatabaseHandler.cpp ..\Common\Source\Item.cpp ..\Common\Source\Logger.cpp ..\Common\Source\MiscFunctions.cpp ..\Common\Source\moremath.cpp ..\Common\Source\Mutex.cpp ..\Common\Source\packet_dump.cpp ..\Common\Source\packet_dump_file.cpp ..\Common\Source\races.cpp ..\Common\Source\timer.cpp ..\Common\Source\EQPacket.cpp ..\Common\Source\EQPacketManager.cpp ..\Common\Source\Fragment.cpp ..\Common\Source\FragmentGroup.cpp ..\Common\Source\FragmentGroupList.cpp ..\Common\Source\GuildNetwork.cpp ..\Common\Source\packet_functions.cpp ..\Common\Source\PlayerPacketFactory.cpp ..\Common\Source\ServerPacketFactory.cpp ..\Common\Source\GuildDatabase.cpp ..\EQC\Sources\EQCException.cpp ..\EQC\Sources\EQCUtils.cpp ..\EQC\Sources\PacketUtils.cpp
         PacketUtils.cpp
         EQCUtils.cpp
         EQCException.cpp
         GuildDatabase.cpp
         ServerPacketFactory.cpp
         PlayerPacketFactory.cpp
         packet_functions.cpp
         GuildNetwork.cpp
         FragmentGroupList.cpp
         FragmentGroup.cpp
         Fragment.cpp
         EQPacketManager.cpp
         EQPacket.cpp
         timer.cpp
         races.cpp
         packet_dump_file.cpp
         packet_dump.cpp
         Mutex.cpp
         moremath.cpp
         MiscFunctions.cpp
         Generating Code...
         Compiling...
         Logger.cpp
         Item.cpp
         DatabaseHandler.cpp
         database.cpp
         classes.cpp
         WorldGuildDatabaseManager.cpp
         ZSList.cpp
         WorldGuildNetworkManager.cpp
         net.cpp
         ConsoleList.cpp
         ClientNetwork.cpp
         zoneserver_process.cpp
         ZoneServer.cpp
         WorldGuildManager_ZoneProcess.cpp
         WorldGuildManager_Process.cpp
         WorldGuildManager_Packets.cpp
         WorldGuildManager.cpp
         World.cpp
         TimeOfDay.cpp
         LoginServer_process.cpp
         Generating Code...
         Compiling...
         LoginServer.cpp
         console.cpp
         ClientList.cpp
         Client_Process.cpp
         Client.cpp
         BoatsManager.cpp
         Boat.cpp
         Generating Code...
         All outputs are up-to-date.
         c:\Program Files (x86)\Microsoft Visual Studio 10.0\VC\bin\CL.exe /c /IC:\Perl\lib\CORE /I"C:\Program Files (x86)\MySQL\MySQL Server 5.1\include" /I../Dependencies\zlib\include /I./Network /I../Common/Include /I./Include /I../EQC/Include /I../SharedMemory/Include/ /ZI /nologo /W1 /WX- /Od /Oy- /D EQC_SHAREDMEMORY /D WIN32 /D _DEBUG /D _CONSOLE /D _CRT_SECURE_NO_DEPRECATE /D WORLD /D _UNICODE /D UNICODE /Gm /EHsc /RTC1 /MTd /GS /fp:precise /Zc:wchar_t /Zc:forScope /Fo".\Intermediate\Debug\languages1.obj" /Fd".\Intermediate\Debug\vc100.pdb" /Gd /TP /analyze- /errorReport:prompt Source\languages.cpp
         languages.cpp
       ManifestResourceCompile:
         All outputs are up-to-date.
       Link:
         c:\Program Files (x86)\Microsoft Visual Studio 10.0\VC\bin\link.exe /ERRORREPORT:PROMPT /OUT:"..\Build\Debug\World.exe" /INCREMENTAL /NOLOGO /LIBPATH:"C:\Program Files (x86)\MySQL\MySQL Server 5.1\lib\debug" /LIBPATH:C:\Perl\lib\CORE /LIBPATH:"C:\Program Files (x86)\MySQL\MySQL Server 5.1\lib" /LIBPATH:../Dependencies/zlib\lib /LIBPATH:../Libraries WS2_32.lib mysqlclient.lib Zlib.lib perl516.lib kernel32.lib user32.lib gdi32.lib winspool.lib comdlg32.lib advapi32.lib shell32.lib ole32.lib oleaut32.lib uuid.lib odbc32.lib odbccp32.lib /NODEFAULTLIB:LIBCMT /MANIFEST /ManifestFile:".\Intermediate\Debug\World.exe.intermediate.manifest" /MANIFESTUAC:"level='asInvoker' uiAccess='false'" /DEBUG /PDB:"C:\Users\randy.girard\Desktop\eqclassic\Build\Debug\World.pdb" /SUBSYSTEM:CONSOLE /TLBID:1 /DYNAMICBASE:NO /IMPLIB:"..\Build\Debug\World.lib" /MACHINE:X86 .\Intermediate\Debug\World.exe.embed.manifest.res
         .\Intermediate\Debug\Boat.obj
         .\Intermediate\Debug\BoatsManager.obj
         .\Intermediate\Debug\Client.obj
         .\Intermediate\Debug\Client_Process.obj
         .\Intermediate\Debug\ClientList.obj
         .\Intermediate\Debug\console.obj
         .\Intermediate\Debug\LoginServer.obj
         .\Intermediate\Debug\LoginServer_process.obj
         .\Intermediate\Debug\TimeOfDay.obj
         .\Intermediate\Debug\World.obj
         .\Intermediate\Debug\WorldGuildManager.obj
         .\Intermediate\Debug\WorldGuildManager_Packets.obj
         .\Intermediate\Debug\WorldGuildManager_Process.obj
         .\Intermediate\Debug\WorldGuildManager_ZoneProcess.obj
         .\Intermediate\Debug\ZoneServer.obj
         .\Intermediate\Debug\zoneserver_process.obj
         .\Intermediate\Debug\ClientNetwork.obj
         .\Intermediate\Debug\ConsoleList.obj
         .\Intermediate\Debug\net.obj
         .\Intermediate\Debug\WorldGuildNetworkManager.obj
         .\Intermediate\Debug\ZSList.obj
         .\Intermediate\Debug\WorldGuildDatabaseManager.obj
         .\Intermediate\Debug\classes.obj
         .\Intermediate\Debug\database.obj
         .\Intermediate\Debug\DatabaseHandler.obj
         .\Intermediate\Debug\Item.obj
         .\Intermediate\Debug\Logger.obj
         .\Intermediate\Debug\MiscFunctions.obj
         .\Intermediate\Debug\moremath.obj
         .\Intermediate\Debug\Mutex.obj
         .\Intermediate\Debug\packet_dump.obj
         .\Intermediate\Debug\packet_dump_file.obj
         .\Intermediate\Debug\races.obj
         .\Intermediate\Debug\timer.obj
         .\Intermediate\Debug\EQPacket.obj
         .\Intermediate\Debug\EQPacketManager.obj
         .\Intermediate\Debug\Fragment.obj
         .\Intermediate\Debug\FragmentGroup.obj
         .\Intermediate\Debug\FragmentGroupList.obj
         .\Intermediate\Debug\GuildNetwork.obj
         .\Intermediate\Debug\packet_functions.obj
         .\Intermediate\Debug\PlayerPacketFactory.obj
         .\Intermediate\Debug\ServerPacketFactory.obj
         .\Intermediate\Debug\GuildDatabase.obj
         .\Intermediate\Debug\EQCException.obj
         .\Intermediate\Debug\EQCUtils.obj
         .\Intermediate\Debug\PacketUtils.obj
         .\Intermediate\Debug\languages1.obj
         C:\Users\randy.girard\Desktop\eqclassic\Build\Debug\SharedMemory.lib
            Creating library ..\Build\Debug\World.lib and object ..\Build\Debug\World.exp
       Manifest:
         C:\Program Files (x86)\Microsoft SDKs\Windows\v7.0A\bin\mt.exe /nologo /verbose /out:".\Intermediate\Debug\World.exe.embed.manifest" /manifest .\Intermediate\Debug\World.exe.intermediate.manifest
         All outputs are up-to-date.
       LinkEmbedManifest:
         All outputs are up-to-date.
         World.vcxproj -> C:\Users\randy.girard\Desktop\eqclassic\World\..\Build\Debug\World.exe
       FinalizeBuildStatus:
         Deleting file ".\Intermediate\Debug\World.unsuccessfulbuild".
         Touching ".\Intermediate\Debug\World.lastbuildstate".
     1>Done Building Project "C:\Users\randy.girard\Desktop\eqclassic\World\World.vcxproj" (build target(s)).

Build succeeded.

Time Elapsed 00:01:01.83
