..\Build\Debug\World.ilk
..\Build\Debug\World.pdb
C:\USERS\JAKE\DESKTOP\EQCLASSIC JAN 1ST 2010\BUILD\DEBUG\WORLD.EXE
C:\Users\Jake\Desktop\EQClassic Jan 1st 2010\Build\Debug\World.exp
C:\USERS\JAKE\DESKTOP\EQCLASSIC JAN 1ST 2010\BUILD\DEBUG\WORLD.ILK
C:\Users\Jake\Desktop\EQClassic Jan 1st 2010\Build\Debug\World.lib
C:\USERS\JAKE\DESKTOP\EQCLASSIC JAN 1ST 2010\BUILD\DEBUG\WORLD.PDB
C:\Users\Jake\Desktop\EQClassic Jan 1st 2010\World\..\Build\Debug\World.exe
C:\USERS\JAKE\DESKTOP\EQCLASSIC JAN 1ST 2010\WORLD\INTERMEDIATE\DEBUG\BOAT.OBJ
C:\USERS\JAKE\DESKTOP\EQCLASSIC JAN 1ST 2010\WORLD\INTERMEDIATE\DEBUG\BOATSMANAGER.OBJ
C:\Users\Jake\Desktop\EQClassic Jan 1st 2010\World\Intermediate\Debug\cl.command.1.tlog
C:\Users\Jake\Desktop\EQClassic Jan 1st 2010\World\Intermediate\Debug\CL.read.1.tlog
C:\Users\Jake\Desktop\EQClassic Jan 1st 2010\World\Intermediate\Debug\CL.write.1.tlog
C:\USERS\JAKE\DESKTOP\EQCLASSIC JAN 1ST 2010\WORLD\INTERMEDIATE\DEBUG\CLASSES.OBJ
C:\USERS\JAKE\DESKTOP\EQCLASSIC JAN 1ST 2010\WORLD\INTERMEDIATE\DEBUG\CLIENT.OBJ
C:\USERS\JAKE\DESKTOP\EQCLASSIC JAN 1ST 2010\WORLD\INTERMEDIATE\DEBUG\CLIENT_PROCESS.OBJ
C:\USERS\JAKE\DESKTOP\EQCLASSIC JAN 1ST 2010\WORLD\INTERMEDIATE\DEBUG\CLIENTLIST.OBJ
C:\USERS\JAKE\DESKTOP\EQCLASSIC JAN 1ST 2010\WORLD\INTERMEDIATE\DEBUG\CLIENTNETWORK.OBJ
C:\USERS\JAKE\DESKTOP\EQCLASSIC JAN 1ST 2010\WORLD\INTERMEDIATE\DEBUG\CONSOLE.OBJ
C:\USERS\JAKE\DESKTOP\EQCLASSIC JAN 1ST 2010\WORLD\INTERMEDIATE\DEBUG\CONSOLELIST.OBJ
C:\USERS\JAKE\DESKTOP\EQCLASSIC JAN 1ST 2010\WORLD\INTERMEDIATE\DEBUG\DATABASE.OBJ
C:\USERS\JAKE\DESKTOP\EQCLASSIC JAN 1ST 2010\WORLD\INTERMEDIATE\DEBUG\DATABASEHANDLER.OBJ
C:\USERS\JAKE\DESKTOP\EQCLASSIC JAN 1ST 2010\WORLD\INTERMEDIATE\DEBUG\EQCEXCEPTION.OBJ
C:\USERS\JAKE\DESKTOP\EQCLASSIC JAN 1ST 2010\WORLD\INTERMEDIATE\DEBUG\EQCUTILS.OBJ
C:\USERS\JAKE\DESKTOP\EQCLASSIC JAN 1ST 2010\WORLD\INTERMEDIATE\DEBUG\EQPACKET.OBJ
C:\USERS\JAKE\DESKTOP\EQCLASSIC JAN 1ST 2010\WORLD\INTERMEDIATE\DEBUG\EQPACKETMANAGER.OBJ
C:\USERS\JAKE\DESKTOP\EQCLASSIC JAN 1ST 2010\WORLD\INTERMEDIATE\DEBUG\FRAGMENT.OBJ
C:\USERS\JAKE\DESKTOP\EQCLASSIC JAN 1ST 2010\WORLD\INTERMEDIATE\DEBUG\FRAGMENTGROUP.OBJ
C:\USERS\JAKE\DESKTOP\EQCLASSIC JAN 1ST 2010\WORLD\INTERMEDIATE\DEBUG\FRAGMENTGROUPLIST.OBJ
C:\USERS\JAKE\DESKTOP\EQCLASSIC JAN 1ST 2010\WORLD\INTERMEDIATE\DEBUG\GUILDDATABASE.OBJ
C:\USERS\JAKE\DESKTOP\EQCLASSIC JAN 1ST 2010\WORLD\INTERMEDIATE\DEBUG\GUILDNETWORK.OBJ
C:\USERS\JAKE\DESKTOP\EQCLASSIC JAN 1ST 2010\WORLD\INTERMEDIATE\DEBUG\ITEM.OBJ
C:\USERS\JAKE\DESKTOP\EQCLASSIC JAN 1ST 2010\WORLD\INTERMEDIATE\DEBUG\LANGUAGES1.OBJ
C:\Users\Jake\Desktop\EQClassic Jan 1st 2010\World\Intermediate\Debug\link.2276.read.1.tlog
C:\Users\Jake\Desktop\EQClassic Jan 1st 2010\World\Intermediate\Debug\link.2276.write.1.tlog
C:\Users\Jake\Desktop\EQClassic Jan 1st 2010\World\Intermediate\Debug\link.2276-cvtres.read.1.tlog
C:\Users\Jake\Desktop\EQClassic Jan 1st 2010\World\Intermediate\Debug\link.2276-cvtres.write.1.tlog
C:\Users\Jake\Desktop\EQClassic Jan 1st 2010\World\Intermediate\Debug\link.4920.read.1.tlog
C:\Users\Jake\Desktop\EQClassic Jan 1st 2010\World\Intermediate\Debug\link.4920.write.1.tlog
C:\Users\Jake\Desktop\EQClassic Jan 1st 2010\World\Intermediate\Debug\link.4920-cvtres.read.1.tlog
C:\Users\Jake\Desktop\EQClassic Jan 1st 2010\World\Intermediate\Debug\link.4920-cvtres.write.1.tlog
C:\Users\Jake\Desktop\EQClassic Jan 1st 2010\World\Intermediate\Debug\link.6208.read.1.tlog
C:\Users\Jake\Desktop\EQClassic Jan 1st 2010\World\Intermediate\Debug\link.6208.write.1.tlog
C:\Users\Jake\Desktop\EQClassic Jan 1st 2010\World\Intermediate\Debug\link.6208-cvtres.read.1.tlog
C:\Users\Jake\Desktop\EQClassic Jan 1st 2010\World\Intermediate\Debug\link.6208-cvtres.write.1.tlog
C:\Users\Jake\Desktop\EQClassic Jan 1st 2010\World\Intermediate\Debug\link.command.1.tlog
C:\Users\Jake\Desktop\EQClassic Jan 1st 2010\World\Intermediate\Debug\link.read.1.tlog
C:\Users\Jake\Desktop\EQClassic Jan 1st 2010\World\Intermediate\Debug\link.write.1.tlog
C:\Users\Jake\Desktop\EQClassic Jan 1st 2010\World\Intermediate\Debug\link-cvtres.read.1.tlog
C:\Users\Jake\Desktop\EQClassic Jan 1st 2010\World\Intermediate\Debug\link-cvtres.write.1.tlog
C:\USERS\JAKE\DESKTOP\EQCLASSIC JAN 1ST 2010\WORLD\INTERMEDIATE\DEBUG\LOGGER.OBJ
C:\USERS\JAKE\DESKTOP\EQCLASSIC JAN 1ST 2010\WORLD\INTERMEDIATE\DEBUG\LOGINSERVER.OBJ
C:\USERS\JAKE\DESKTOP\EQCLASSIC JAN 1ST 2010\WORLD\INTERMEDIATE\DEBUG\LOGINSERVER_PROCESS.OBJ
C:\USERS\JAKE\DESKTOP\EQCLASSIC JAN 1ST 2010\WORLD\INTERMEDIATE\DEBUG\MISCFUNCTIONS.OBJ
C:\USERS\JAKE\DESKTOP\EQCLASSIC JAN 1ST 2010\WORLD\INTERMEDIATE\DEBUG\MOREMATH.OBJ
C:\Users\Jake\Desktop\EQClassic Jan 1st 2010\World\Intermediate\Debug\mt.command.1.tlog
C:\Users\Jake\Desktop\EQClassic Jan 1st 2010\World\Intermediate\Debug\mt.read.1.tlog
C:\Users\Jake\Desktop\EQClassic Jan 1st 2010\World\Intermediate\Debug\mt.write.1.tlog
C:\USERS\JAKE\DESKTOP\EQCLASSIC JAN 1ST 2010\WORLD\INTERMEDIATE\DEBUG\MUTEX.OBJ
C:\USERS\JAKE\DESKTOP\EQCLASSIC JAN 1ST 2010\WORLD\INTERMEDIATE\DEBUG\NET.OBJ
C:\USERS\JAKE\DESKTOP\EQCLASSIC JAN 1ST 2010\WORLD\INTERMEDIATE\DEBUG\PACKET_DUMP.OBJ
C:\USERS\JAKE\DESKTOP\EQCLASSIC JAN 1ST 2010\WORLD\INTERMEDIATE\DEBUG\PACKET_DUMP_FILE.OBJ
C:\USERS\JAKE\DESKTOP\EQCLASSIC JAN 1ST 2010\WORLD\INTERMEDIATE\DEBUG\PACKET_FUNCTIONS.OBJ
C:\USERS\JAKE\DESKTOP\EQCLASSIC JAN 1ST 2010\WORLD\INTERMEDIATE\DEBUG\PACKETUTILS.OBJ
C:\USERS\JAKE\DESKTOP\EQCLASSIC JAN 1ST 2010\WORLD\INTERMEDIATE\DEBUG\PLAYERPACKETFACTORY.OBJ
C:\USERS\JAKE\DESKTOP\EQCLASSIC JAN 1ST 2010\WORLD\INTERMEDIATE\DEBUG\RACES.OBJ
C:\Users\Jake\Desktop\EQClassic Jan 1st 2010\World\Intermediate\Debug\rc.command.1.tlog
C:\Users\Jake\Desktop\EQClassic Jan 1st 2010\World\Intermediate\Debug\rc.read.1.tlog
C:\Users\Jake\Desktop\EQClassic Jan 1st 2010\World\Intermediate\Debug\rc.write.1.tlog
C:\USERS\JAKE\DESKTOP\EQCLASSIC JAN 1ST 2010\WORLD\INTERMEDIATE\DEBUG\SERVERPACKETFACTORY.OBJ
C:\USERS\JAKE\DESKTOP\EQCLASSIC JAN 1ST 2010\WORLD\INTERMEDIATE\DEBUG\TIMEOFDAY.OBJ
C:\USERS\JAKE\DESKTOP\EQCLASSIC JAN 1ST 2010\WORLD\INTERMEDIATE\DEBUG\TIMER.OBJ
C:\Users\Jake\Desktop\EQClassic Jan 1st 2010\World\Intermediate\Debug\vc100.idb
C:\USERS\JAKE\DESKTOP\EQCLASSIC JAN 1ST 2010\WORLD\INTERMEDIATE\DEBUG\VC100.PDB
C:\USERS\JAKE\DESKTOP\EQCLASSIC JAN 1ST 2010\WORLD\INTERMEDIATE\DEBUG\WORLD.EXE.EMBED.MANIFEST
C:\USERS\JAKE\DESKTOP\EQCLASSIC JAN 1ST 2010\WORLD\INTERMEDIATE\DEBUG\WORLD.EXE.EMBED.MANIFEST.RES
C:\USERS\JAKE\DESKTOP\EQCLASSIC JAN 1ST 2010\WORLD\INTERMEDIATE\DEBUG\WORLD.EXE.INTERMEDIATE.MANIFEST
C:\USERS\JAKE\DESKTOP\EQCLASSIC JAN 1ST 2010\WORLD\INTERMEDIATE\DEBUG\WORLD.OBJ
C:\Users\Jake\Desktop\EQClassic Jan 1st 2010\World\Intermediate\Debug\World.vcxprojResolveAssemblyReference.cache
C:\Users\Jake\Desktop\EQClassic Jan 1st 2010\World\Intermediate\Debug\World.write.1.tlog
C:\Users\Jake\Desktop\EQClassic Jan 1st 2010\World\Intermediate\Debug\World_manifest.rc
C:\USERS\JAKE\DESKTOP\EQCLASSIC JAN 1ST 2010\WORLD\INTERMEDIATE\DEBUG\WORLDGUILDDATABASEMANAGER.OBJ
C:\USERS\JAKE\DESKTOP\EQCLASSIC JAN 1ST 2010\WORLD\INTERMEDIATE\DEBUG\WORLDGUILDMANAGER.OBJ
C:\USERS\JAKE\DESKTOP\EQCLASSIC JAN 1ST 2010\WORLD\INTERMEDIATE\DEBUG\WORLDGUILDMANAGER_PACKETS.OBJ
C:\USERS\JAKE\DESKTOP\EQCLASSIC JAN 1ST 2010\WORLD\INTERMEDIATE\DEBUG\WORLDGUILDMANAGER_PROCESS.OBJ
C:\USERS\JAKE\DESKTOP\EQCLASSIC JAN 1ST 2010\WORLD\INTERMEDIATE\DEBUG\WORLDGUILDMANAGER_ZONEPROCESS.OBJ
C:\USERS\JAKE\DESKTOP\EQCLASSIC JAN 1ST 2010\WORLD\INTERMEDIATE\DEBUG\WORLDGUILDNETWORKMANAGER.OBJ
C:\USERS\JAKE\DESKTOP\EQCLASSIC JAN 1ST 2010\WORLD\INTERMEDIATE\DEBUG\ZONESERVER.OBJ
C:\USERS\JAKE\DESKTOP\EQCLASSIC JAN 1ST 2010\WORLD\INTERMEDIATE\DEBUG\ZONESERVER_PROCESS.OBJ
C:\USERS\JAKE\DESKTOP\EQCLASSIC JAN 1ST 2010\WORLD\INTERMEDIATE\DEBUG\ZSLIST.OBJ
