Build started 11/12/2013 10:28:40 PM.
     1>Project "C:\Users\Jake\Documents\GitHub\eqclassic\World\World.vcxproj" on node 2 (build target(s)).
     1>InitializeBuildStatus:
         Touching ".\Intermediate\Release\World.unsuccessfulbuild".
       ClCompile:
         c:\Program Files (x86)\Microsoft Visual Studio 10.0\VC\bin\CL.exe /c /I../Common/Include /IP:/MySQL/Include /Zi /nologo /W3 /WX- /O2 /Oy- /GL /D WIN32 /D NDEBUG /D _CONSOLE /D _CRT_SECURE_NO_DEPRECATE /D RELEASE /D _UNICODE /D UNICODE /Gm- /EHsc /MD /GS /fp:precise /Zc:wchar_t /Zc:forScope /Fo".\Intermediate\Release\\" /Fd".\Intermediate\Release\vc100.pdb" /Gd /TP /analyze- /errorReport:prompt Source\Boat.cpp Source\BoatsManager.cpp Source\Client.cpp Source\Client_Process.cpp Source\ClientList.cpp Source\console.cpp Source\LoginServer.cpp Source\LoginServer_process.cpp Source\TimeOfDay.cpp Source\World.cpp Source\WorldGuildManager.cpp Source\ZoneServer.cpp Source\zoneserver_process.cpp Source\ClientNetwork.cpp Source\ConsoleList.cpp Source\net.cpp Source\WorldGuildNetworkManager.cpp Source\ZSList.cpp Source\WorldGuildDatabaseManager.cpp ..\Common\Source\database.cpp ..\Common\Source\DatabaseHandler.cpp ..\Common\Source\Item.cpp ..\Common\Source\MiscFunctions.cpp ..\Common\Source\packet_dump.cpp ..\Common\Source\packet_dump_file.cpp ..\Common\Source\races.cpp ..\Common\Source\EQPacket.cpp ..\Common\Source\EQPacketManager.cpp ..\Common\Source\Fragment.cpp ..\Common\Source\FragmentGroup.cpp ..\Common\Source\FragmentGroupList.cpp ..\Common\Source\GuildNetwork.cpp ..\Common\Source\packet_functions.cpp ..\Common\Source\GuildDatabase.cpp ..\EQC\Sources\EQCException.cpp ..\EQC\Sources\EQCUtils.cpp ..\EQC\Sources\PacketUtils.cpp
         Boat.cpp
     1>Source\Boat.cpp(10): fatal error C1083: Cannot open include file: 'zoneserver.h': No such file or directory
         BoatsManager.cpp
     1>Source\BoatsManager.cpp(11): fatal error C1083: Cannot open include file: 'BoatsManager.h': No such file or directory
         Client.cpp
     1>Source\Client.cpp(23): fatal error C1083: Cannot open include file: 'client.h': No such file or directory
         Client_Process.cpp
     1>Source\Client_Process.cpp(23): fatal error C1083: Cannot open include file: 'client.h': No such file or directory
         ClientList.cpp
     1>Source\ClientList.cpp(23): fatal error C1083: Cannot open include file: 'client.h': No such file or directory
         console.cpp
     1>Source\console.cpp(33): fatal error C1083: Cannot open include file: 'console.h': No such file or directory
         LoginServer.cpp
     1>c:\users\jake\documents\github\eqclassic\common\include\GuildNetwork.h(16): fatal error C1083: Cannot open include file: 'errmsg.h': No such file or directory
         LoginServer_process.cpp
     1>c:\users\jake\documents\github\eqclassic\common\include\GuildNetwork.h(16): fatal error C1083: Cannot open include file: 'errmsg.h': No such file or directory
         TimeOfDay.cpp
     1>Source\TimeOfDay.cpp(1): fatal error C1083: Cannot open include file: 'zoneserver.h': No such file or directory
         World.cpp
     1>C:\Users\Jake\Documents\GitHub\eqclassic\Common\Include\queue.h(13): fatal error C1083: Cannot open include file: 'EQCException.hpp': No such file or directory
         WorldGuildManager.cpp
     1>Source\WorldGuildManager.cpp(9): fatal error C1083: Cannot open include file: 'WorldGuildManager.h': No such file or directory
         ZoneServer.cpp
     1>c:\users\jake\documents\github\eqclassic\common\include\GuildNetwork.h(16): fatal error C1083: Cannot open include file: 'errmsg.h': No such file or directory
         zoneserver_process.cpp
     1>c:\users\jake\documents\github\eqclassic\common\include\GuildNetwork.h(16): fatal error C1083: Cannot open include file: 'errmsg.h': No such file or directory
         ClientNetwork.cpp
     1>Source\ClientNetwork.cpp(9): fatal error C1083: Cannot open include file: 'Clientnetwork.h': No such file or directory
         ConsoleList.cpp
     1>Source\ConsoleList.cpp(32): fatal error C1083: Cannot open include file: 'console.h': No such file or directory
         net.cpp
     1>C:\Users\Jake\Documents\GitHub\eqclassic\Common\Include\queue.h(13): fatal error C1083: Cannot open include file: 'EQCException.hpp': No such file or directory
         WorldGuildNetworkManager.cpp
     1>Source\WorldGuildNetworkManager.cpp(16): fatal error C1083: Cannot open include file: 'WorldGuildNetworkManager.h': No such file or directory
         ZSList.cpp
     1>c:\users\jake\documents\github\eqclassic\common\include\GuildNetwork.h(16): fatal error C1083: Cannot open include file: 'errmsg.h': No such file or directory
         WorldGuildDatabaseManager.cpp
     1>Source\WorldGuildDatabaseManager.cpp(16): fatal error C1083: Cannot open include file: 'WorldGuildDatabaseManager.h': No such file or directory
         database.cpp
     1>..\Common\Source\database.cpp(13): fatal error C1083: Cannot open include file: 'errmsg.h': No such file or directory
         Compiling...
         DatabaseHandler.cpp
     1>C:\Users\Jake\Documents\GitHub\eqclassic\Common\Include\DatabaseHandler.h(17): fatal error C1083: Cannot open include file: 'errmsg.h': No such file or directory
         Item.cpp
     1>c:\users\jake\documents\github\eqclassic\common\include\GuildNetwork.h(16): fatal error C1083: Cannot open include file: 'errmsg.h': No such file or directory
         MiscFunctions.cpp
     1>C:\Users\Jake\Documents\GitHub\eqclassic\Common\Include\linked_list.h(12): fatal error C1083: Cannot open include file: 'EQCException.hpp': No such file or directory
         packet_dump.cpp
     1>c:\users\jake\documents\github\eqclassic\common\include\queue.h(13): fatal error C1083: Cannot open include file: 'EQCException.hpp': No such file or directory
         packet_dump_file.cpp
     1>c:\users\jake\documents\github\eqclassic\common\include\queue.h(13): fatal error C1083: Cannot open include file: 'EQCException.hpp': No such file or directory
         races.cpp
     1>c:\users\jake\documents\github\eqclassic\common\include\GuildNetwork.h(16): fatal error C1083: Cannot open include file: 'errmsg.h': No such file or directory
         EQPacket.cpp
     1>c:\users\jake\documents\github\eqclassic\common\include\queue.h(13): fatal error C1083: Cannot open include file: 'EQCException.hpp': No such file or directory
         EQPacketManager.cpp
     1>c:\users\jake\documents\github\eqclassic\common\include\queue.h(13): fatal error C1083: Cannot open include file: 'EQCException.hpp': No such file or directory
         Fragment.cpp
     1>c:\users\jake\documents\github\eqclassic\common\include\linked_list.h(12): fatal error C1083: Cannot open include file: 'EQCException.hpp': No such file or directory
         FragmentGroup.cpp
     1>c:\users\jake\documents\github\eqclassic\common\include\linked_list.h(12): fatal error C1083: Cannot open include file: 'EQCException.hpp': No such file or directory
         FragmentGroupList.cpp
     1>c:\users\jake\documents\github\eqclassic\common\include\linked_list.h(12): fatal error C1083: Cannot open include file: 'EQCException.hpp': No such file or directory
         GuildNetwork.cpp
     1>..\Common\Source\GuildNetwork.cpp(5): fatal error C1083: Cannot open include file: 'errmsg.h': No such file or directory
         packet_functions.cpp
     1>c:\users\jake\documents\github\eqclassic\common\include\queue.h(13): fatal error C1083: Cannot open include file: 'EQCException.hpp': No such file or directory
         GuildDatabase.cpp
     1>..\Common\Source\GuildDatabase.cpp(5): fatal error C1083: Cannot open include file: 'errmsg.h': No such file or directory
         EQCException.cpp
     1>..\EQC\Sources\EQCException.cpp(13): fatal error C1083: Cannot open include file: 'EQCUtils.hpp': No such file or directory
         EQCUtils.cpp
     1>..\EQC\Sources\EQCUtils.cpp(16): fatal error C1083: Cannot open include file: 'EQCUtils.hpp': No such file or directory
         PacketUtils.cpp
     1>..\EQC\Sources\PacketUtils.cpp(14): fatal error C1083: Cannot open include file: 'PacketUtils.hpp': No such file or directory
     1>Done Building Project "C:\Users\Jake\Documents\GitHub\eqclassic\World\World.vcxproj" (build target(s)) -- FAILED.

Build FAILED.

Time Elapsed 00:00:25.41
